#! /cs/local/bin/vvp
:ivl_version "10.3 (stable)" "(v10_3)";
:ivl_delay_selection "TYPICAL";
:vpi_time_precision + 0;
:vpi_module "system";
:vpi_module "vhdl_sys";
:vpi_module "v2005_math";
:vpi_module "va_math";
S_0x213cda0 .scope module, "testbench" "testbench" 2 1;
 .timescale 0 0;
v0x213cf40_0 .var "instruction", 31 0;
    .scope S_0x213cda0;
T_0 ;
    %vpi_call 2 4 "$display", "Time: %5d Instruction: ", $time, v0x213cf40_0 {0 0 0};
    %delay 10, 0;
    %pushi/vec4 10, 0, 32;
    %store/vec4 v0x213cf40_0, 0, 32;
    %vpi_call 2 6 "$display", "Time: %5d Instruction: %16h", $time, v0x213cf40_0 {0 0 0};
    %delay 20, 0;
    %pushi/vec4 20, 0, 32;
    %store/vec4 v0x213cf40_0, 0, 32;
    %vpi_call 2 8 "$display", "Time: %5d Instruction: %16h", $time, v0x213cf40_0 {0 0 0};
    %delay 30, 0;
    %pushi/vec4 30, 0, 32;
    %store/vec4 v0x213cf40_0, 0, 32;
    %vpi_call 2 10 "$display", "Time: %5d Instruction: %16h", $time, v0x213cf40_0 {0 0 0};
    %vpi_call 2 11 "$finish" {0 0 0};
    %end;
    .thread T_0;
# The file index is used to find the file name in the following table.
:file_names 3;
    "N/A";
    "<interactive>";
    "k1b01.v";
